<?xml version="1.0" encoding="UTF-8"?>
<testng-results ignored="0" total="0" passed="0" failed="0" skipped="0">
  <reporter-output>
  </reporter-output>
  <suite started-at="2021-05-21T08:56:01 CDT" name="Default suite" finished-at="2021-05-21T08:56:13 CDT" duration-ms="12353">
    <groups>
    </groups>
    <test started-at="2021-05-21T08:56:01 CDT" name="Default test" finished-at="2021-05-21T08:56:13 CDT" duration-ms="12353">
      <class name="Student_Tests.HalfeBayTest">
        <test-method is-config="true" signature="setup()[pri:0, instance:Student_Tests.HalfeBayTest@6a6afff2]" started-at="2021-05-21T08:56:01 CDT" name="setup" finished-at="2021-05-21T08:56:12 CDT" duration-ms="10540" status="PASS">
          <reporter-output>
          </reporter-output>
        </test-method> <!-- setup -->
        <test-method is-config="true" signature="teardown()[pri:0, instance:Student_Tests.HalfeBayTest@6a6afff2]" started-at="2021-05-21T08:56:13 CDT" name="teardown" finished-at="2021-05-21T08:56:13 CDT" duration-ms="786" status="PASS">
          <reporter-output>
          </reporter-output>
        </test-method> <!-- teardown -->
      </class> <!-- Student_Tests.HalfeBayTest -->
    </test> <!-- Default test -->
  </suite> <!-- Default suite -->
</testng-results>
